Using pre-set license
Built from '2022.3/staging' branch; Version is '2022.3.10f1 (ff3792e53c62) revision 16725906'; Using compiler version '192829333'; Build Type 'Release'
OS: 'Windows 10  (10.0.19045) 64bit Core' Language: 'en' Physical Memory: 15724 MB
BatchMode: 1, IsHumanControllingUs: 0, StartBugReporterOnCrash: 0, Is64bit: 1, IsPro: 1

COMMAND LINE ARGUMENTS:
C:\Program Files\Unity\Hub\Editor\2022.3.10f1\Editor\Unity.exe
-adb2
-batchMode
-noUpm
-name
AssetImportWorker1
-projectPath
C:/Files/Desktop/Game Dev Dkit/Start/BackUp/2023--GD4-3DGD-ICA-Project-by-Tanaka-Shongwe/Assets/Assets
-logFile
Logs/AssetImportWorker1.log
-srvPort
57381
Successfully changed project path to: C:/Files/Desktop/Game Dev Dkit/Start/BackUp/2023--GD4-3DGD-ICA-Project-by-Tanaka-Shongwe/Assets/Assets
C:/Files/Desktop/Game Dev Dkit/Start/BackUp/2023--GD4-3DGD-ICA-Project-by-Tanaka-Shongwe/Assets/Assets
[UnityMemory] Configuration Parameters - Can be set up in boot.config
    "memorysetup-bucket-allocator-granularity=16"
    "memorysetup-bucket-allocator-bucket-count=8"
    "memorysetup-bucket-allocator-block-size=33554432"
    "memorysetup-bucket-allocator-block-count=8"
    "memorysetup-main-allocator-block-size=16777216"
    "memorysetup-thread-allocator-block-size=16777216"
    "memorysetup-gfx-main-allocator-block-size=16777216"
    "memorysetup-gfx-thread-allocator-block-size=16777216"
    "memorysetup-cache-allocator-block-size=4194304"
    "memorysetup-typetree-allocator-block-size=2097152"
    "memorysetup-profiler-bucket-allocator-granularity=16"
    "memorysetup-profiler-bucket-allocator-bucket-count=8"
    "memorysetup-profiler-bucket-allocator-block-size=33554432"
    "memorysetup-profiler-bucket-allocator-block-count=8"
    "memorysetup-profiler-allocator-block-size=16777216"
    "memorysetup-profiler-editor-allocator-block-size=1048576"
    "memorysetup-temp-allocator-size-main=16777216"
    "memorysetup-job-temp-allocator-block-size=2097152"
    "memorysetup-job-temp-allocator-block-size-background=1048576"
    "memorysetup-job-temp-allocator-reduction-small-platforms=262144"
    "memorysetup-allocator-temp-initial-block-size-main=262144"
    "memorysetup-allocator-temp-initial-block-size-worker=262144"
    "memorysetup-temp-allocator-size-background-worker=32768"
    "memorysetup-temp-allocator-size-job-worker=262144"
    "memorysetup-temp-allocator-size-preload-manager=33554432"
    "memorysetup-temp-allocator-size-nav-mesh-worker=65536"
    "memorysetup-temp-allocator-size-audio-worker=65536"
    "memorysetup-temp-allocator-size-cloud-worker=32768"
    "memorysetup-temp-allocator-size-gi-baking-worker=262144"
    "memorysetup-temp-allocator-size-gfx=262144"
Player connection [2668] Host "[IP] 192.168.1.103 [Port] 0 [Flags] 2 [Guid] 3017195893 [EditorId] 3017195893 [Version] 1048832 [Id] WindowsEditor(7,LAPTOP-S4ABP883) [Debug] 1 [PackageName] WindowsEditor [ProjectName] Editor" joined multi-casting on [225.0.0.222:54997]...

Player connection [2668] Host "[IP] 192.168.1.103 [Port] 0 [Flags] 2 [Guid] 3017195893 [EditorId] 3017195893 [Version] 1048832 [Id] WindowsEditor(7,LAPTOP-S4ABP883) [Debug] 1 [PackageName] WindowsEditor [ProjectName] Editor" joined alternative multi-casting on [225.0.0.222:34997]...

[Physics::Module] Initialized MultithreadedJobDispatcher with 11 workers.
Refreshing native plugins compatible for Editor in 0.00 ms, found 0 plugins.
Preloading 0 native plugins for Editor in 0.00 ms.
Initialize engine version: 2022.3.10f1 (ff3792e53c62)
[Subsystems] Discovering subsystems at path C:/Program Files/Unity/Hub/Editor/2022.3.10f1/Editor/Data/Resources/UnitySubsystems
[Subsystems] Discovering subsystems at path C:/Files/Desktop/Game Dev Dkit/Start/BackUp/2023--GD4-3DGD-ICA-Project-by-Tanaka-Shongwe/Assets/Assets/Assets
GfxDevice: creating device client; threaded=0; jobified=0
Direct3D:
    Version:  Direct3D 11.0 [level 11.1]
    Renderer: NVIDIA GeForce RTX 3060 Laptop GPU (ID=0x2520)
    Vendor:   NVIDIA
    VRAM:     6009 MB
    Driver:   31.0.15.2756
Initialize mono
Mono path[0] = 'C:/Program Files/Unity/Hub/Editor/2022.3.10f1/Editor/Data/Managed'
Mono path[1] = 'C:/Program Files/Unity/Hub/Editor/2022.3.10f1/Editor/Data/MonoBleedingEdge/lib/mono/unityjit-win32'
Mono config path = 'C:/Program Files/Unity/Hub/Editor/2022.3.10f1/Editor/Data/MonoBleedingEdge/etc'
Using monoOptions --debugger-agent=transport=dt_socket,embedding=1,server=y,suspend=n,address=127.0.0.1:56652
Begin MonoManager ReloadAssembly
Registering precompiled unity dll's ...
Register platform support module: C:/Program Files/Unity/Hub/Editor/2022.3.10f1/Editor/Data/PlaybackEngines/WindowsStandaloneSupport/UnityEditor.WindowsStandalone.Extensions.dll
Registered in 0.012366 seconds.
- Loaded All Assemblies, in  0.447 seconds
Native extension for WindowsStandalone target not found
Mono: successfully reloaded assembly
- Finished resetting the current domain, in  0.248 seconds
Domain Reload Profiling: 692ms
	BeginReloadAssembly (159ms)
		ExecutionOrderSort (0ms)
		DisableScriptedObjects (0ms)
		BackupInstance (0ms)
		ReleaseScriptingObjects (0ms)
		CreateAndSetChildDomain (1ms)
	RebuildCommonClasses (37ms)
	RebuildNativeTypeToScriptingClass (9ms)
	initialDomainReloadingComplete (75ms)
	LoadAllAssembliesAndSetupDomain (164ms)
		LoadAssemblies (155ms)
		RebuildTransferFunctionScriptingTraits (0ms)
		AnalyzeDomain (162ms)
			TypeCache.Refresh (160ms)
				TypeCache.ScanAssembly (143ms)
			ScanForSourceGeneratedMonoScriptInfo (1ms)
			ResolveRequiredComponents (0ms)
	FinalizeReload (248ms)
		ReleaseScriptCaches (0ms)
		RebuildScriptCaches (0ms)
		SetupLoadedEditorAssemblies (193ms)
			LogAssemblyErrors (0ms)
			InitializePlatformSupportModulesInManaged (11ms)
			SetLoadedEditorAssemblies (8ms)
			RefreshPlugins (0ms)
			BeforeProcessingInitializeOnLoad (3ms)
			ProcessInitializeOnLoadAttributes (120ms)
			ProcessInitializeOnLoadMethodAttributes (51ms)
			AfterProcessingInitializeOnLoad (0ms)
			EditorAssembliesLoaded (0ms)
		ExecutionOrderSort2 (0ms)
		AwakeInstancesAfterBackupRestoration (0ms)
========================================================================
Worker process is ready to serve import requests
Begin MonoManager ReloadAssembly
- Loaded All Assemblies, in  0.227 seconds
Refreshing native plugins compatible for Editor in 0.00 ms, found 0 plugins.
Native extension for WindowsStandalone target not found
Mono: successfully reloaded assembly
- Finished resetting the current domain, in  0.310 seconds
Domain Reload Profiling: 535ms
	BeginReloadAssembly (145ms)
		ExecutionOrderSort (0ms)
		DisableScriptedObjects (5ms)
		BackupInstance (0ms)
		ReleaseScriptingObjects (0ms)
		CreateAndSetChildDomain (22ms)
	RebuildCommonClasses (33ms)
	RebuildNativeTypeToScriptingClass (15ms)
	initialDomainReloadingComplete (26ms)
	LoadAllAssembliesAndSetupDomain (5ms)
		LoadAssemblies (86ms)
		RebuildTransferFunctionScriptingTraits (0ms)
		AnalyzeDomain (3ms)
			TypeCache.Refresh (2ms)
				TypeCache.ScanAssembly (0ms)
			ScanForSourceGeneratedMonoScriptInfo (0ms)
			ResolveRequiredComponents (0ms)
	FinalizeReload (311ms)
		ReleaseScriptCaches (0ms)
		RebuildScriptCaches (0ms)
		SetupLoadedEditorAssemblies (194ms)
			LogAssemblyErrors (0ms)
			InitializePlatformSupportModulesInManaged (10ms)
			SetLoadedEditorAssemblies (6ms)
			RefreshPlugins (0ms)
			BeforeProcessingInitializeOnLoad (33ms)
			ProcessInitializeOnLoadAttributes (114ms)
			ProcessInitializeOnLoadMethodAttributes (19ms)
			AfterProcessingInitializeOnLoad (12ms)
			EditorAssembliesLoaded (0ms)
		ExecutionOrderSort2 (0ms)
		AwakeInstancesAfterBackupRestoration (6ms)
Launched and connected shader compiler UnityShaderCompiler.exe after 0.05 seconds
Refreshing native plugins compatible for Editor in 0.00 ms, found 0 plugins.
Preloading 0 native plugins for Editor in 0.00 ms.
Unloading 6 Unused Serialized files (Serialized files now loaded: 0)
Unloading 3 unused Assets / (39.8 KB). Loaded Objects now: 476.
Memory consumption went from 44.9 MB to 44.9 MB.
Total: 2.659400 ms (FindLiveObjects: 0.040900 ms CreateObjectMapping: 0.003600 ms MarkObjects: 2.537800 ms  DeleteObjects: 0.076200 ms)

AssetImportParameters requested are different than current active one (requested -> active):
  custom:video-decoder-ogg-theora: a1e56fd34408186e4bbccfd4996cb3dc -> 
  custom:container-muxer-webm: aa71ff27fc2769a1b78a27578f13a17b -> 
  custom:container-demuxer-webm: 4f35f7cbe854078d1ac9338744f61a02 -> 
  custom:video-encoder-webm-vp8: eb34c28f22e8b96e1ab97ce403110664 -> 
  custom:audio-encoder-webm-vorbis: bf7c407c2cedff20999df2af8eb42d56 -> 
  custom:framework-win-MediaFoundation: 216162199b28c13a410421893ffa2e32 -> 
  custom:container-demuxer-ogg: 62fdf1f143b41e24485cea50d1cbac27 -> 
  custom:video-decoder-webm-vp8: 9c59270c3fd7afecdb556c50c9e8de78 -> 
  custom:audio-decoder-ogg-vorbis: bf7c407c2cedff20999df2af8eb42d56 -> 
  custom:AudioImporter_EditorPlatform: d09bf68614088b80899f8185d706f6e7 -> 
========================================================================
Received Import Request.
  Time since last request: 330195.975770 seconds.
  path: Assets/Grass (Hill).mat
  artifactKey: Guid(a7dfa7fe25943ab47926a52f3fedf4d5) Importer(815301076,1909f56bfc062723c751e8b465ee728b)
Start importing Assets/Grass (Hill).mat using Guid(a7dfa7fe25943ab47926a52f3fedf4d5) Importer(815301076,1909f56bfc062723c751e8b465ee728b)  -> (artifact id: '1acb3905133c0dca23b9c7e2f0ad9dc8') in 0.301242 seconds
Number of updated asset objects reloaded before import = 0
Number of asset objects unloaded after import = 2
========================================================================
Received Import Request.
  Time since last request: 0.000021 seconds.
  path: Assets/Grass_Green_01.mat
  artifactKey: Guid(6f6d262a355c1504aa344a8d8f4d70ed) Importer(815301076,1909f56bfc062723c751e8b465ee728b)
Start importing Assets/Grass_Green_01.mat using Guid(6f6d262a355c1504aa344a8d8f4d70ed) Importer(815301076,1909f56bfc062723c751e8b465ee728b)  -> (artifact id: 'fa498322716f78d3a5b7709ae2005e7b') in 0.093613 seconds
Number of updated asset objects reloaded before import = 0
Number of asset objects unloaded after import = 1
========================================================================
Received Import Request.
  Time since last request: 0.000023 seconds.
  path: Assets/WaterProNighttime.prefab
  artifactKey: Guid(bcae914220acd4907840a029bb9d9aec) Importer(815301076,1909f56bfc062723c751e8b465ee728b)
Start importing Assets/WaterProNighttime.prefab using Guid(bcae914220acd4907840a029bb9d9aec) Importer(815301076,1909f56bfc062723c751e8b465ee728b)  -> (artifact id: 'd9581a7a546ae6f55d8f6c1d01f4b6f8') in 0.009779 seconds
Number of updated asset objects reloaded before import = 0
Number of asset objects unloaded after import = 7
========================================================================
Received Import Request.
  Time since last request: 0.000034 seconds.
  path: Assets/Grass_Green_02.mat
  artifactKey: Guid(aa838814c9edc344b8597aff0d5ad082) Importer(815301076,1909f56bfc062723c751e8b465ee728b)
Start importing Assets/Grass_Green_02.mat using Guid(aa838814c9edc344b8597aff0d5ad082) Importer(815301076,1909f56bfc062723c751e8b465ee728b)  -> (artifact id: 'ee0e4a913e1e4e84a997e0653fbc0a2e') in 0.013926 seconds
Number of updated asset objects reloaded before import = 0
Number of asset objects unloaded after import = 1
========================================================================
Received Import Request.
  Time since last request: 0.000097 seconds.
  path: Assets/Grass_f_03.fbx
  artifactKey: Guid(ef09a1b0a802c1a40babbfa75f94d7d5) Importer(815301076,1909f56bfc062723c751e8b465ee728b)
Start importing Assets/Grass_f_03.fbx using Guid(ef09a1b0a802c1a40babbfa75f94d7d5) Importer(815301076,1909f56bfc062723c751e8b465ee728b)  -> (artifact id: '7c9610b6907f705342487aeddcb78bc5') in 0.052374 seconds
Number of updated asset objects reloaded before import = 0
Number of asset objects unloaded after import = 8
========================================================================
Received Import Request.
  Time since last request: 0.000029 seconds.
  path: Assets/Grass_d_01.fbx
  artifactKey: Guid(f00e2604c5b6aff4b850385e11a18995) Importer(815301076,1909f56bfc062723c751e8b465ee728b)
Start importing Assets/Grass_d_01.fbx using Guid(f00e2604c5b6aff4b850385e11a18995) Importer(815301076,1909f56bfc062723c751e8b465ee728b)  -> (artifact id: 'ebc9afc6380138a53ef8205d863b5425') in 0.054186 seconds
Number of updated asset objects reloaded before import = 0
Number of asset objects unloaded after import = 16
========================================================================
Received Import Request.
  Time since last request: 0.000018 seconds.
  path: Assets/Grass_h_03.fbx
  artifactKey: Guid(f1830a0d709295c428733c6863b0c671) Importer(815301076,1909f56bfc062723c751e8b465ee728b)
Start importing Assets/Grass_h_03.fbx using Guid(f1830a0d709295c428733c6863b0c671) Importer(815301076,1909f56bfc062723c751e8b465ee728b)  -> (artifact id: 'e72f4fe562b7364206c25c2e52953f25') in 0.028556 seconds
Number of updated asset objects reloaded before import = 0
Number of asset objects unloaded after import = 16
========================================================================
Received Import Request.
  Time since last request: 0.000013 seconds.
  path: Assets/Grass_g_01 2.prefab
  artifactKey: Guid(ee733a019a112b14c936cfef219dce4c) Importer(815301076,1909f56bfc062723c751e8b465ee728b)
Start importing Assets/Grass_g_01 2.prefab using Guid(ee733a019a112b14c936cfef219dce4c) Importer(815301076,1909f56bfc062723c751e8b465ee728b)  -> (artifact id: '4689b90f8551ced44750158cf9222596') in 0.013004 seconds
Number of updated asset objects reloaded before import = 0
Number of asset objects unloaded after import = 30
========================================================================
Received Import Request.
  Time since last request: 12.957424 seconds.
  path: Assets/Apple/Apple_Normal.png
  artifactKey: Guid(e54f2e4729fa6754d81e2aaf2c397aab) Importer(815301076,1909f56bfc062723c751e8b465ee728b)
Start importing Assets/Apple/Apple_Normal.png using Guid(e54f2e4729fa6754d81e2aaf2c397aab) Importer(815301076,1909f56bfc062723c751e8b465ee728b)  -> (artifact id: '02e358a9fa140740fdf6993686e06b3c') in 0.044806 seconds
Number of updated asset objects reloaded before import = 0
Number of asset objects unloaded after import = 2
