Using pre-set license
Built from '2022.3/staging' branch; Version is '2022.3.10f1 (ff3792e53c62) revision 16725906'; Using compiler version '192829333'; Build Type 'Release'
OS: 'Windows 10  (10.0.19045) 64bit Core' Language: 'en' Physical Memory: 15724 MB
BatchMode: 1, IsHumanControllingUs: 0, StartBugReporterOnCrash: 0, Is64bit: 1, IsPro: 1

COMMAND LINE ARGUMENTS:
C:\Program Files\Unity\Hub\Editor\2022.3.10f1\Editor\Unity.exe
-adb2
-batchMode
-noUpm
-name
AssetImportWorker2
-projectPath
C:/Files/Desktop/Game Dev Dkit/Start/BackUp/2023--GD4-3DGD-ICA-Project-by-Tanaka-Shongwe/Assets/Assets
-logFile
Logs/AssetImportWorker2.log
-srvPort
57381
Successfully changed project path to: C:/Files/Desktop/Game Dev Dkit/Start/BackUp/2023--GD4-3DGD-ICA-Project-by-Tanaka-Shongwe/Assets/Assets
C:/Files/Desktop/Game Dev Dkit/Start/BackUp/2023--GD4-3DGD-ICA-Project-by-Tanaka-Shongwe/Assets/Assets
[UnityMemory] Configuration Parameters - Can be set up in boot.config
    "memorysetup-bucket-allocator-granularity=16"
    "memorysetup-bucket-allocator-bucket-count=8"
    "memorysetup-bucket-allocator-block-size=33554432"
    "memorysetup-bucket-allocator-block-count=8"
    "memorysetup-main-allocator-block-size=16777216"
    "memorysetup-thread-allocator-block-size=16777216"
    "memorysetup-gfx-main-allocator-block-size=16777216"
    "memorysetup-gfx-thread-allocator-block-size=16777216"
    "memorysetup-cache-allocator-block-size=4194304"
    "memorysetup-typetree-allocator-block-size=2097152"
    "memorysetup-profiler-bucket-allocator-granularity=16"
    "memorysetup-profiler-bucket-allocator-bucket-count=8"
    "memorysetup-profiler-bucket-allocator-block-size=33554432"
    "memorysetup-profiler-bucket-allocator-block-count=8"
    "memorysetup-profiler-allocator-block-size=16777216"
    "memorysetup-profiler-editor-allocator-block-size=1048576"
    "memorysetup-temp-allocator-size-main=16777216"
    "memorysetup-job-temp-allocator-block-size=2097152"
    "memorysetup-job-temp-allocator-block-size-background=1048576"
    "memorysetup-job-temp-allocator-reduction-small-platforms=262144"
    "memorysetup-allocator-temp-initial-block-size-main=262144"
    "memorysetup-allocator-temp-initial-block-size-worker=262144"
    "memorysetup-temp-allocator-size-background-worker=32768"
    "memorysetup-temp-allocator-size-job-worker=262144"
    "memorysetup-temp-allocator-size-preload-manager=33554432"
    "memorysetup-temp-allocator-size-nav-mesh-worker=65536"
    "memorysetup-temp-allocator-size-audio-worker=65536"
    "memorysetup-temp-allocator-size-cloud-worker=32768"
    "memorysetup-temp-allocator-size-gi-baking-worker=262144"
    "memorysetup-temp-allocator-size-gfx=262144"
Player connection [14368] Host "[IP] 192.168.1.103 [Port] 0 [Flags] 2 [Guid] 667022142 [EditorId] 667022142 [Version] 1048832 [Id] WindowsEditor(7,LAPTOP-S4ABP883) [Debug] 1 [PackageName] WindowsEditor [ProjectName] Editor" joined multi-casting on [225.0.0.222:54997]...

Player connection [14368] Host "[IP] 192.168.1.103 [Port] 0 [Flags] 2 [Guid] 667022142 [EditorId] 667022142 [Version] 1048832 [Id] WindowsEditor(7,LAPTOP-S4ABP883) [Debug] 1 [PackageName] WindowsEditor [ProjectName] Editor" joined alternative multi-casting on [225.0.0.222:34997]...

[Physics::Module] Initialized MultithreadedJobDispatcher with 11 workers.
Refreshing native plugins compatible for Editor in 0.00 ms, found 0 plugins.
Preloading 0 native plugins for Editor in 0.00 ms.
Initialize engine version: 2022.3.10f1 (ff3792e53c62)
[Subsystems] Discovering subsystems at path C:/Program Files/Unity/Hub/Editor/2022.3.10f1/Editor/Data/Resources/UnitySubsystems
[Subsystems] Discovering subsystems at path C:/Files/Desktop/Game Dev Dkit/Start/BackUp/2023--GD4-3DGD-ICA-Project-by-Tanaka-Shongwe/Assets/Assets/Assets
GfxDevice: creating device client; threaded=0; jobified=0
Direct3D:
    Version:  Direct3D 11.0 [level 11.1]
    Renderer: NVIDIA GeForce RTX 3060 Laptop GPU (ID=0x2520)
    Vendor:   NVIDIA
    VRAM:     6009 MB
    Driver:   31.0.15.2756
Initialize mono
Mono path[0] = 'C:/Program Files/Unity/Hub/Editor/2022.3.10f1/Editor/Data/Managed'
Mono path[1] = 'C:/Program Files/Unity/Hub/Editor/2022.3.10f1/Editor/Data/MonoBleedingEdge/lib/mono/unityjit-win32'
Mono config path = 'C:/Program Files/Unity/Hub/Editor/2022.3.10f1/Editor/Data/MonoBleedingEdge/etc'
Using monoOptions --debugger-agent=transport=dt_socket,embedding=1,server=y,suspend=n,address=127.0.0.1:56276
Begin MonoManager ReloadAssembly
Registering precompiled unity dll's ...
Register platform support module: C:/Program Files/Unity/Hub/Editor/2022.3.10f1/Editor/Data/PlaybackEngines/WindowsStandaloneSupport/UnityEditor.WindowsStandalone.Extensions.dll
Registered in 0.016355 seconds.
- Loaded All Assemblies, in  0.461 seconds
Native extension for WindowsStandalone target not found
Mono: successfully reloaded assembly
- Finished resetting the current domain, in  0.262 seconds
Domain Reload Profiling: 720ms
	BeginReloadAssembly (171ms)
		ExecutionOrderSort (0ms)
		DisableScriptedObjects (0ms)
		BackupInstance (0ms)
		ReleaseScriptingObjects (0ms)
		CreateAndSetChildDomain (1ms)
	RebuildCommonClasses (45ms)
	RebuildNativeTypeToScriptingClass (12ms)
	initialDomainReloadingComplete (87ms)
	LoadAllAssembliesAndSetupDomain (143ms)
		LoadAssemblies (168ms)
		RebuildTransferFunctionScriptingTraits (0ms)
		AnalyzeDomain (141ms)
			TypeCache.Refresh (140ms)
				TypeCache.ScanAssembly (126ms)
			ScanForSourceGeneratedMonoScriptInfo (0ms)
			ResolveRequiredComponents (1ms)
	FinalizeReload (262ms)
		ReleaseScriptCaches (0ms)
		RebuildScriptCaches (0ms)
		SetupLoadedEditorAssemblies (206ms)
			LogAssemblyErrors (0ms)
			InitializePlatformSupportModulesInManaged (13ms)
			SetLoadedEditorAssemblies (9ms)
			RefreshPlugins (0ms)
			BeforeProcessingInitializeOnLoad (3ms)
			ProcessInitializeOnLoadAttributes (133ms)
			ProcessInitializeOnLoadMethodAttributes (48ms)
			AfterProcessingInitializeOnLoad (0ms)
			EditorAssembliesLoaded (0ms)
		ExecutionOrderSort2 (0ms)
		AwakeInstancesAfterBackupRestoration (0ms)
========================================================================
Worker process is ready to serve import requests
Begin MonoManager ReloadAssembly
- Loaded All Assemblies, in  0.225 seconds
Refreshing native plugins compatible for Editor in 0.00 ms, found 0 plugins.
Native extension for WindowsStandalone target not found
Mono: successfully reloaded assembly
- Finished resetting the current domain, in  0.316 seconds
Domain Reload Profiling: 539ms
	BeginReloadAssembly (149ms)
		ExecutionOrderSort (0ms)
		DisableScriptedObjects (5ms)
		BackupInstance (0ms)
		ReleaseScriptingObjects (0ms)
		CreateAndSetChildDomain (21ms)
	RebuildCommonClasses (32ms)
	RebuildNativeTypeToScriptingClass (9ms)
	initialDomainReloadingComplete (26ms)
	LoadAllAssembliesAndSetupDomain (6ms)
		LoadAssemblies (94ms)
		RebuildTransferFunctionScriptingTraits (0ms)
		AnalyzeDomain (4ms)
			TypeCache.Refresh (3ms)
				TypeCache.ScanAssembly (0ms)
			ScanForSourceGeneratedMonoScriptInfo (0ms)
			ResolveRequiredComponents (0ms)
	FinalizeReload (317ms)
		ReleaseScriptCaches (0ms)
		RebuildScriptCaches (0ms)
		SetupLoadedEditorAssemblies (195ms)
			LogAssemblyErrors (0ms)
			InitializePlatformSupportModulesInManaged (7ms)
			SetLoadedEditorAssemblies (5ms)
			RefreshPlugins (0ms)
			BeforeProcessingInitializeOnLoad (32ms)
			ProcessInitializeOnLoadAttributes (117ms)
			ProcessInitializeOnLoadMethodAttributes (23ms)
			AfterProcessingInitializeOnLoad (10ms)
			EditorAssembliesLoaded (0ms)
		ExecutionOrderSort2 (0ms)
		AwakeInstancesAfterBackupRestoration (6ms)
Launched and connected shader compiler UnityShaderCompiler.exe after 0.05 seconds
Refreshing native plugins compatible for Editor in 0.00 ms, found 0 plugins.
Preloading 0 native plugins for Editor in 0.00 ms.
Unloading 6 Unused Serialized files (Serialized files now loaded: 0)
Unloading 3 unused Assets / (39.8 KB). Loaded Objects now: 476.
Memory consumption went from 44.9 MB to 44.9 MB.
Total: 2.487200 ms (FindLiveObjects: 0.064000 ms CreateObjectMapping: 0.003400 ms MarkObjects: 2.355500 ms  DeleteObjects: 0.063200 ms)

AssetImportParameters requested are different than current active one (requested -> active):
  custom:video-decoder-ogg-theora: a1e56fd34408186e4bbccfd4996cb3dc -> 
  custom:container-muxer-webm: aa71ff27fc2769a1b78a27578f13a17b -> 
  custom:container-demuxer-webm: 4f35f7cbe854078d1ac9338744f61a02 -> 
  custom:video-encoder-webm-vp8: eb34c28f22e8b96e1ab97ce403110664 -> 
  custom:audio-encoder-webm-vorbis: bf7c407c2cedff20999df2af8eb42d56 -> 
  custom:framework-win-MediaFoundation: 216162199b28c13a410421893ffa2e32 -> 
  custom:container-demuxer-ogg: 62fdf1f143b41e24485cea50d1cbac27 -> 
  custom:video-decoder-webm-vp8: 9c59270c3fd7afecdb556c50c9e8de78 -> 
  custom:audio-decoder-ogg-vorbis: bf7c407c2cedff20999df2af8eb42d56 -> 
  custom:AudioImporter_EditorPlatform: d09bf68614088b80899f8185d706f6e7 -> 
========================================================================
Received Import Request.
  Time since last request: 330195.907166 seconds.
  path: Assets/Grass_g_01.fbx
  artifactKey: Guid(f0409aa031b0a854aba63278fae3a9a5) Importer(815301076,1909f56bfc062723c751e8b465ee728b)
Start importing Assets/Grass_g_01.fbx using Guid(f0409aa031b0a854aba63278fae3a9a5) Importer(815301076,1909f56bfc062723c751e8b465ee728b)  -> (artifact id: 'dbddd8465ce0dd0fb21ef012811a057d') in 0.325184 seconds
Number of updated asset objects reloaded before import = 0
Number of asset objects unloaded after import = 16
========================================================================
Received Import Request.
  Time since last request: 0.000025 seconds.
  path: Assets/grass01.tga
  artifactKey: Guid(f5f85d0a49c64a24cb45133679da97c6) Importer(815301076,1909f56bfc062723c751e8b465ee728b)
Start importing Assets/grass01.tga using Guid(f5f85d0a49c64a24cb45133679da97c6) Importer(815301076,1909f56bfc062723c751e8b465ee728b)  -> (artifact id: 'ba737def8af0c195aa3c633b342f74ed') in 0.029679 seconds
Number of updated asset objects reloaded before import = 0
Number of asset objects unloaded after import = 2
========================================================================
Received Import Request.
  Time since last request: 0.000025 seconds.
  path: Assets/WaterProNighttime.mat
  artifactKey: Guid(e633a20421c47426aa04444234225b69) Importer(815301076,1909f56bfc062723c751e8b465ee728b)
Start importing Assets/WaterProNighttime.mat using Guid(e633a20421c47426aa04444234225b69) Importer(815301076,1909f56bfc062723c751e8b465ee728b)  -> (artifact id: 'aabd9d7527831bfd6b1a757ffb814cfa') in 0.030983 seconds
Number of updated asset objects reloaded before import = 0
Number of asset objects unloaded after import = 2
========================================================================
Received Import Request.
  Time since last request: 0.000015 seconds.
  path: Assets/WaterProNighttimeGradient.psd
  artifactKey: Guid(b725b62cfc9d04e4886735ab2a8107d1) Importer(815301076,1909f56bfc062723c751e8b465ee728b)
Start importing Assets/WaterProNighttimeGradient.psd using Guid(b725b62cfc9d04e4886735ab2a8107d1) Importer(815301076,1909f56bfc062723c751e8b465ee728b)  -> (artifact id: '20122a4f3599195d578bcaf436a282f4') in 0.020690 seconds
Number of updated asset objects reloaded before import = 0
Number of asset objects unloaded after import = 2
========================================================================
Received Import Request.
  Time since last request: 0.000017 seconds.
  path: Assets/Skybox_Sunset.mat
  artifactKey: Guid(fc6b0355609d5ab4599542f96859f46e) Importer(815301076,1909f56bfc062723c751e8b465ee728b)
Start importing Assets/Skybox_Sunset.mat using Guid(fc6b0355609d5ab4599542f96859f46e) Importer(815301076,1909f56bfc062723c751e8b465ee728b)  -> (artifact id: '3460fd5cbf95499a03fbbc0bbb815824') in 0.041126 seconds
Number of updated asset objects reloaded before import = 0
Number of asset objects unloaded after import = 1
========================================================================
Received Import Request.
  Time since last request: 0.000019 seconds.
  path: Assets/Red Material.mat
  artifactKey: Guid(0ed217cb376f89d4d8c2a69ffd68d5c4) Importer(815301076,1909f56bfc062723c751e8b465ee728b)
Start importing Assets/Red Material.mat using Guid(0ed217cb376f89d4d8c2a69ffd68d5c4) Importer(815301076,1909f56bfc062723c751e8b465ee728b)  -> (artifact id: 'e3cdf9b80469b996df440e5110a927ba') in 0.012718 seconds
Number of updated asset objects reloaded before import = 0
Number of asset objects unloaded after import = 1
========================================================================
Received Import Request.
  Time since last request: 0.000034 seconds.
  path: Assets/ant.FBX
  artifactKey: Guid(ab3c70c8107e47a448f29e9185a5ea3b) Importer(815301076,1909f56bfc062723c751e8b465ee728b)
Start importing Assets/ant.FBX using Guid(ab3c70c8107e47a448f29e9185a5ea3b) Importer(815301076,1909f56bfc062723c751e8b465ee728b)  -> (artifact id: '4f7d24ad26f4454e29e5191cba34079d') in 0.024535 seconds
Number of updated asset objects reloaded before import = 0
Number of asset objects unloaded after import = 8
========================================================================
Received Import Request.
  Time since last request: 0.000017 seconds.
  path: Assets/Grass (Hill) 1.psd
  artifactKey: Guid(b4d9e579125cd9e4b87c791824c69882) Importer(815301076,1909f56bfc062723c751e8b465ee728b)
Start importing Assets/Grass (Hill) 1.psd using Guid(b4d9e579125cd9e4b87c791824c69882) Importer(815301076,1909f56bfc062723c751e8b465ee728b)  -> (artifact id: '1b4a4db54a5a0b2a48c26532bfb3a8a6') in 0.037065 seconds
Number of updated asset objects reloaded before import = 0
Number of asset objects unloaded after import = 2
========================================================================
Received Import Request.
  Time since last request: 0.000027 seconds.
  path: Assets/Plane (1) 2.prefab
  artifactKey: Guid(c5850d1d2d330134482cba955b29c094) Importer(815301076,1909f56bfc062723c751e8b465ee728b)
Start importing Assets/Plane (1) 2.prefab using Guid(c5850d1d2d330134482cba955b29c094) Importer(815301076,1909f56bfc062723c751e8b465ee728b)  -> (artifact id: '5a04ee7620d4d7393644561ed3e3c7d4') in 0.022551 seconds
Number of updated asset objects reloaded before import = 0
Number of asset objects unloaded after import = 11
========================================================================
Received Import Request.
  Time since last request: 0.000025 seconds.
  path: Assets/Grass_g_01 1.prefab
  artifactKey: Guid(820e18d75f48d314fae967a95653adf7) Importer(815301076,1909f56bfc062723c751e8b465ee728b)
Start importing Assets/Grass_g_01 1.prefab using Guid(820e18d75f48d314fae967a95653adf7) Importer(815301076,1909f56bfc062723c751e8b465ee728b)  -> (artifact id: '37f657e205c189de2405361fb583da0e') in 0.028893 seconds
Number of updated asset objects reloaded before import = 0
Number of asset objects unloaded after import = 30
========================================================================
Received Import Request.
  Time since last request: 0.001254 seconds.
  path: Assets/Grass (Hill).psd
  artifactKey: Guid(c6e0767b1f8c34890ac245217f4b9731) Importer(815301076,1909f56bfc062723c751e8b465ee728b)
Start importing Assets/Grass (Hill).psd using Guid(c6e0767b1f8c34890ac245217f4b9731) Importer(815301076,1909f56bfc062723c751e8b465ee728b)  -> (artifact id: 'c7865f3ed73b0632fbeff76ddfef24fc') in 0.029790 seconds
Number of updated asset objects reloaded before import = 0
Number of asset objects unloaded after import = 2
========================================================================
Received Import Request.
  Time since last request: 0.000014 seconds.
  path: Assets/Grass_g_01.prefab
  artifactKey: Guid(0cf96d5ea6a0cef4686f8fe4b4de8d86) Importer(815301076,1909f56bfc062723c751e8b465ee728b)
Start importing Assets/Grass_g_01.prefab using Guid(0cf96d5ea6a0cef4686f8fe4b4de8d86) Importer(815301076,1909f56bfc062723c751e8b465ee728b)  -> (artifact id: 'b360a4885d7c8c39783a202903dfeeb4') in 0.013594 seconds
Number of updated asset objects reloaded before import = 0
Number of asset objects unloaded after import = 30
========================================================================
Received Import Request.
  Time since last request: 0.000017 seconds.
  path: Assets/Grass_e_02.fbx
  artifactKey: Guid(f47da0b8fe42479459aa9b2d908b2419) Importer(815301076,1909f56bfc062723c751e8b465ee728b)
Start importing Assets/Grass_e_02.fbx using Guid(f47da0b8fe42479459aa9b2d908b2419) Importer(815301076,1909f56bfc062723c751e8b465ee728b)  -> (artifact id: 'e33b5c1c0ac21fe75fe573d526867021') in 0.015786 seconds
Number of updated asset objects reloaded before import = 0
Number of asset objects unloaded after import = 8
========================================================================
Received Import Request.
  Time since last request: 12.954751 seconds.
  path: Assets/Apple/Apple.FBX
  artifactKey: Guid(b1732b29549739d48bb6bf687769ba96) Importer(815301076,1909f56bfc062723c751e8b465ee728b)
Start importing Assets/Apple/Apple.FBX using Guid(b1732b29549739d48bb6bf687769ba96) Importer(815301076,1909f56bfc062723c751e8b465ee728b)  -> (artifact id: '613c5df3c2fc7f1832754d5903f305c4') in 0.042541 seconds
Number of updated asset objects reloaded before import = 0
Number of asset objects unloaded after import = 8
